0 info it worked if it ends with ok
1 verbose cli [ '/usr/local/bin/node',
1 verbose cli   '/usr/local/bin/npm',
1 verbose cli   'link',
1 verbose cli   'angular-cli' ]
2 info using npm@3.10.6
3 info using node@v4.4.7
4 verbose link symlinking /usr/local/lib/node_modules/angular-cli to /Users/admin/Projects/workout-app/app/node_modules/angular-cli
5 silly gentlyRm /Users/admin/Projects/workout-app/app/node_modules/angular-cli is being purged
6 verbose gentlyRm don't care about contents; nuking /Users/admin/Projects/workout-app/app/node_modules/angular-cli
7 info build /Users/admin/Projects/workout-app/app/node_modules/angular-cli
8 info linkStuff angular-cli@1.0.0-beta.10
9 silly linkStuff angular-cli@1.0.0-beta.10 has /Users/admin/Projects/workout-app/app/node_modules as its parent node_modules
10 verbose linkBins angular-cli@1.0.0-beta.10
11 verbose link bins [ { ng: './bin/ng' },
11 verbose link bins   '/Users/admin/Projects/workout-app/app/node_modules/.bin',
11 verbose link bins   false ]
12 verbose linkMans angular-cli@1.0.0-beta.10
13 silly gentlyRm /Users/admin/Projects/workout-app/app/node_modules/.bin/ng is being purged
14 verbose gentlyRm don't care about contents; nuking /Users/admin/Projects/workout-app/app/node_modules/.bin/ng
15 verbose stack Error: EPERM: operation not permitted, chmod '/Users/admin/Projects/workout-app/app/node_modules/angular-cli/bin/ng'
15 verbose stack     at Error (native)
16 verbose cwd /Users/admin/Projects/workout-app/app/app
17 error Darwin 15.6.0
18 error argv "/usr/local/bin/node" "/usr/local/bin/npm" "link" "angular-cli"
19 error node v4.4.7
20 error npm  v3.10.6
21 error path /Users/admin/Projects/workout-app/app/node_modules/angular-cli/bin/ng
22 error code EPERM
23 error errno -1
24 error syscall chmod
25 error Error: EPERM: operation not permitted, chmod '/Users/admin/Projects/workout-app/app/node_modules/angular-cli/bin/ng'
25 error     at Error (native)
25 error  { [Error: EPERM: operation not permitted, chmod '/Users/admin/Projects/workout-app/app/node_modules/angular-cli/bin/ng']
25 error   errno: -1,
25 error   code: 'EPERM',
25 error   syscall: 'chmod',
25 error   path: '/Users/admin/Projects/workout-app/app/node_modules/angular-cli/bin/ng' }
26 error Please try running this command again as root/Administrator.
27 verbose exit [ -1, true ]
